<?xml version="1.0" encoding="UTF-8"?>
<!-- Generated by org.testng.reporters.JUnitReportReporter -->
<testsuite hostname="HJNZL000593" failures="0" tests="12" name="portfolio_test.user.TC02_HomePage" time="1.635" errors="1" timestamp="2023-05-18T16:50:53 IST" skipped="11">
  <testcase classname="portfolio_test.user.TC02_HomePage" name="initialize" time="1.635">
    <error message="Unable to establish websocket connection to http://localhost:61952/devtools/browser/60d698de-cce2-4adc-a277-907c86f2595b
Build info: version: &#039;4.9.1&#039;, revision: &#039;eb2032df7f&#039;
System info: os.name: &#039;Windows 11&#039;, os.arch: &#039;amd64&#039;, os.version: &#039;10.0&#039;, java.version: &#039;18.0.2.1&#039;
Driver info: driver.version: EdgeDriver" type="org.openqa.selenium.remote.http.ConnectionFailedException">
      <![CDATA[org.openqa.selenium.remote.http.ConnectionFailedException: Unable to establish websocket connection to http://localhost:61952/devtools/browser/60d698de-cce2-4adc-a277-907c86f2595b
Build info: version: '4.9.1', revision: 'eb2032df7f'
System info: os.name: 'Windows 11', os.arch: 'amd64', os.version: '10.0', java.version: '18.0.2.1'
Driver info: driver.version: EdgeDriver
at org.openqa.selenium.remote.http.netty.NettyWebSocket.<init>(NettyWebSocket.java:102)
at org.openqa.selenium.remote.http.netty.NettyWebSocket.lambda$create$3(NettyWebSocket.java:128)
at org.openqa.selenium.remote.http.netty.NettyClient.openSocket(NettyClient.java:107)
at org.openqa.selenium.devtools.Connection.<init>(Connection.java:82)
at org.openqa.selenium.chromium.ChromiumDriver.lambda$new$2(ChromiumDriver.java:116)
at java.base/java.util.Optional.map(Optional.java:260)
at org.openqa.selenium.chromium.ChromiumDriver.<init>(ChromiumDriver.java:114)
at org.openqa.selenium.edge.EdgeDriver.<init>(EdgeDriver.java:60)
at org.openqa.selenium.edge.EdgeDriver.<init>(EdgeDriver.java:56)
at org.openqa.selenium.edge.EdgeDriver.<init>(EdgeDriver.java:48)
at resources.TestBase.initializeDriver(TestBase.java:47)
at portfolio_test.user.TC02_HomePage.initialize(TC02_HomePage.java:38)
at java.base/jdk.internal.reflect.DirectMethodHandleAccessor.invoke(DirectMethodHandleAccessor.java:104)
at java.base/java.lang.reflect.Method.invoke(Method.java:577)
at org.testng.internal.invokers.MethodInvocationHelper.invokeMethod(MethodInvocationHelper.java:139)
at org.testng.internal.invokers.MethodInvocationHelper.invokeMethodConsideringTimeout(MethodInvocationHelper.java:69)
at org.testng.internal.invokers.ConfigInvoker.invokeConfigurationMethod(ConfigInvoker.java:361)
at org.testng.internal.invokers.ConfigInvoker.invokeConfigurations(ConfigInvoker.java:296)
at org.testng.TestRunner.invokeTestConfigurations(TestRunner.java:644)
at org.testng.TestRunner.beforeRun(TestRunner.java:633)
at org.testng.TestRunner.run(TestRunner.java:595)
at org.testng.SuiteRunner.runTest(SuiteRunner.java:437)
at org.testng.SuiteRunner.runSequentially(SuiteRunner.java:431)
at org.testng.SuiteRunner.privateRun(SuiteRunner.java:391)
at org.testng.SuiteRunner.run(SuiteRunner.java:330)
at org.testng.SuiteRunnerWorker.runSuite(SuiteRunnerWorker.java:52)
at org.testng.SuiteRunnerWorker.run(SuiteRunnerWorker.java:95)
at org.testng.TestNG.runSuitesSequentially(TestNG.java:1256)
at org.testng.TestNG.runSuitesLocally(TestNG.java:1176)
at org.testng.TestNG.runSuites(TestNG.java:1099)
at org.testng.TestNG.run(TestNG.java:1067)
at org.testng.remote.AbstractRemoteTestNG.run(AbstractRemoteTestNG.java:115)
at org.testng.remote.RemoteTestNG.initAndRun(RemoteTestNG.java:251)
at org.testng.remote.RemoteTestNG.main(RemoteTestNG.java:77)
]]>
    </error>
  </testcase> <!-- initialize -->
  <system-out/>
  <testcase classname="portfolio_test.user.TC02_HomePage" name="verifyHomepage" time="0.000">
    <skipped/>
  </testcase> <!-- verifyHomepage -->
  <system-out/>
  <testcase classname="portfolio_test.user.TC02_HomePage" name="verifyCatalogueNavigatorOnHomepage" time="0.000">
    <skipped/>
  </testcase> <!-- verifyCatalogueNavigatorOnHomepage -->
  <system-out/>
  <testcase classname="portfolio_test.user.TC02_HomePage" name="verifyCustomerEvidenceSectionOnHomepage" time="0.000">
    <skipped/>
  </testcase> <!-- verifyCustomerEvidenceSectionOnHomepage -->
  <system-out/>
  <testcase classname="portfolio_test.user.TC02_HomePage" name="verifyViewCampaignPageOnHomepage" time="0.000">
    <skipped/>
  </testcase> <!-- verifyViewCampaignPageOnHomepage -->
  <system-out/>
  <testcase classname="portfolio_test.user.TC02_HomePage" name="verifyCloudTransitionServicesPageOnHomepage" time="0.000">
    <skipped/>
  </testcase> <!-- verifyCloudTransitionServicesPageOnHomepage -->
  <system-out/>
  <testcase classname="portfolio_test.user.TC02_HomePage" name="VerifyCloudManagementOperationsPageOnHomepage" time="0.000">
    <skipped/>
  </testcase> <!-- VerifyCloudManagementOperationsPageOnHomepage -->
  <system-out/>
  <testcase classname="portfolio_test.user.TC02_HomePage" name="VerifyDataStrategyPageOnHomepage" time="0.000">
    <skipped/>
  </testcase> <!-- VerifyDataStrategyPageOnHomepage -->
  <system-out/>
  <testcase classname="portfolio_test.user.TC02_HomePage" name="VerifyViewalltopoffersPageOnHomepage" time="0.000">
    <skipped/>
  </testcase> <!-- VerifyViewalltopoffersPageOnHomepage -->
  <system-out/>
  <testcase classname="portfolio_test.user.TC02_HomePage" name="VerifyCustomerEvidenceSearchPageFromHomepage" time="0.000">
    <skipped/>
  </testcase> <!-- VerifyCustomerEvidenceSearchPageFromHomepage -->
  <system-out/>
  <testcase classname="portfolio_test.user.TC02_HomePage" name="VerifyEurekaPageFromHomepage" time="0.000">
    <skipped/>
  </testcase> <!-- VerifyEurekaPageFromHomepage -->
  <system-out/>
  <testcase classname="portfolio_test.user.TC02_HomePage" name="testBrokenLinks">
    <skipped/>
  </testcase> <!-- testBrokenLinks -->
  <system-out/>
</testsuite> <!-- portfolio_test.user.TC02_HomePage -->
