<?xml version="1.0" encoding="UTF-8"?>
<!-- Generated by org.testng.reporters.JUnitReportReporter -->
<testsuite hostname="HJNZL000593" failures="0" tests="1" name="portfolio_test.user.TC01_UserLoginTest" time="3.031" errors="0" timestamp="2023-05-17T18:35:04 IST" skipped="0">
  <testcase classname="portfolio_test.user.TC01_UserLoginTest" name="loginPageTitleTest" time="3.031"/>
  <system-out/>
</testsuite> <!-- portfolio_test.user.TC01_UserLoginTest -->
