<?xml version="1.0" encoding="UTF-8"?>
<!-- Generated by org.testng.reporters.JUnitReportReporter -->
<testsuite hostname="HJNZL000593" failures="0" tests="2" name="portfolio_test.user.TC05_CampaignsPage" time="21.114" errors="0" timestamp="10 May 2023 09:16:17 GMT">
  <testcase classname="portfolio_test.user.TC05_CampaignsPage" name="verifyTopACRandDVGeneratorsPageFromCampaignsMenu" time="15.788"/>
  <testcase classname="portfolio_test.user.TC05_CampaignsPage" name="verifyDoMoreWithLessPageFromCampaignsMenu" time="5.326"/>
</testsuite> <!-- portfolio_test.user.TC05_CampaignsPage -->
