<?xml version="1.0" encoding="UTF-8"?>
<!-- Generated by org.testng.reporters.JUnitReportReporter -->
<testsuite hostname="HJNZL000593" failures="0" tests="21" name="portfolio_test.user.TC03_CatalogueTest" time="906.586" errors="0" timestamp="10 May 2023 09:16:17 GMT">
  <testcase classname="portfolio_test.user.TC03_CatalogueTest" name="verifyHealthcareOnCataloguePage" time="18.841"/>
  <testcase classname="portfolio_test.user.TC03_CatalogueTest" name="verifyEmergingInnovationEngineeringPageOnCataloguePage" time="38.172"/>
  <testcase classname="portfolio_test.user.TC03_CatalogueTest" name="verifyGovernmentOnCataloguePage" time="16.063"/>
  <testcase classname="portfolio_test.user.TC03_CatalogueTest" name="verifyFinancialServicesOnCataloguePage" time="20.330"/>
  <testcase classname="portfolio_test.user.TC03_CatalogueTest" name="verifyCrossSolutionAreaandFunctionalSolutionOnCataloguePage" time="37.259"/>
  <testcase classname="portfolio_test.user.TC03_CatalogueTest" name="verifyCrossIndustryOnCataloguePage" time="16.340"/>
  <testcase classname="portfolio_test.user.TC03_CatalogueTest" name="verifyDefenseandIntelligenceOnCataloguePage" time="16.680"/>
  <testcase classname="portfolio_test.user.TC03_CatalogueTest" name="verifyTelecommunicationsandMediaOnCataloguePage" time="13.342"/>
  <testcase classname="portfolio_test.user.TC03_CatalogueTest" name="verifyAutomotiveMobilityandTransportationOnCataloguePage" time="52.786"/>
  <testcase classname="portfolio_test.user.TC03_CatalogueTest" name="verifyEducationOnCataloguePage" time="16.756"/>
  <testcase classname="portfolio_test.user.TC03_CatalogueTest" name="verifyRetailandConsumerGoodsOnCataloguePage" time="16.748"/>
  <testcase classname="portfolio_test.user.TC03_CatalogueTest" name="verifyInfrastructureOnCataloguePage" time="54.681"/>
  <testcase classname="portfolio_test.user.TC03_CatalogueTest" name="verifyModernWorkOnCataloguePage" time="65.550"/>
  <testcase classname="portfolio_test.user.TC03_CatalogueTest" name="verifySecurityOnCataloguePage" time="144.687"/>
  <testcase classname="portfolio_test.user.TC03_CatalogueTest" name="verifyAdoptionChangeandServicesManagementPageOnCataloguePage" time="48.620"/>
  <testcase classname="portfolio_test.user.TC03_CatalogueTest" name="verifyDataandAIOnCataloguePage" time="64.300"/>
  <testcase classname="portfolio_test.user.TC03_CatalogueTest" name="verifyIndustrialsandManufacturingOnCataloguePage" time="94.580"/>
  <testcase classname="portfolio_test.user.TC03_CatalogueTest" name="verifySustainabilityOnCataloguePage" time="20.323"/>
  <testcase classname="portfolio_test.user.TC03_CatalogueTest" name="verifyBusinessAppsPageButtonOnCataloguePage" time="71.725"/>
  <testcase classname="portfolio_test.user.TC03_CatalogueTest" name="verifyDigitalandApplicationInnovationOnCataloguePage" time="57.373"/>
  <testcase classname="portfolio_test.user.TC03_CatalogueTest" name="verifyEnergyandResourcesOnCataloguePage" time="21.430"/>
</testsuite> <!-- portfolio_test.user.TC03_CatalogueTest -->
